This is e-pTeX, Version 3.14159265-p3.7-160201-2.6 (utf8.euc) (TeX Live 2016) (preloaded format=platex 2016.6.23)  3 DEC 2016 10:00
entering extended mode
 restricted \write18 enabled.
 file:line:error style messages enabled.
 %&-line parsing enabled.
**resume.tex
(./resume.tex
pLaTeX2e <2016/06/10>+1 (based on LaTeX2e <2016/03/31> patch level 1)
Babel <3.9r> and hyphenation patterns for 83 language(s) loaded.
(/usr/local/texlive/2016/texmf-dist/tex/platex/jsclasses/jsarticle.cls
Document Class: jsarticle 2014/02/07 okumura
LaTeX Info: Redefining \rmfamily on input line 352.
LaTeX Info: Redefining \sffamily on input line 355.
LaTeX Info: Redefining \ttfamily on input line 358.
\symmincho=\mathgroup4
LaTeX Font Info:    Overwriting symbol font `mincho' in version `bold'
(Font)                  JY1/mc/m/n --> JY1/gt/m/n on input line 423.
LaTeX Font Info:    Font shape `JT1/mc/m/n' will be
(Font)              scaled to size 9.60999pt on input line 613.
LaTeX Font Info:    Font shape `JY1/mc/m/n' will be
(Font)              scaled to size 9.60999pt on input line 613.
\fullwidth=\dimen118
LaTeX Font Info:    Font shape `JT1/mc/m/n' will be
(Font)              scaled to size 7.68799pt on input line 760.
LaTeX Font Info:    Font shape `JY1/mc/m/n' will be
(Font)              scaled to size 7.68799pt on input line 760.
\c@part=\count81
\c@section=\count82
\c@subsection=\count83
\c@subsubsection=\count84
\c@paragraph=\count85
\c@subparagraph=\count86
\@abstractbox=\box41
\c@figure=\count87
\c@table=\count88
\abovecaptionskip=\skip41
\belowcaptionskip=\skip42
\js@tocl@width=\dimen119
\@lnumwidth=\dimen120
\bibindent=\dimen121
LaTeX Info: Redefining \TeX on input line 1731.
LaTeX Info: Redefining \LaTeX on input line 1757.
LaTeX Info: Redefining \LaTeXe on input line 1782.
\heisei=\count89
) (/usr/local/texlive/2016/texmf-dist/tex/latex/tools/layout.sty
Package: layout 2014/10/28 v1.2c Show layout parameters
\oneinch=\count90
\cnt@paperwidth=\count91
\cnt@paperheight=\count92
\cnt@hoffset=\count93
\cnt@voffset=\count94
\cnt@textheight=\count95
\cnt@textwidth=\count96
\cnt@topmargin=\count97
\cnt@oddsidemargin=\count98
\cnt@evensidemargin=\count99
\cnt@headheight=\count100
\cnt@headsep=\count101
\cnt@marginparsep=\count102
\cnt@marginparwidth=\count103
\cnt@marginparpush=\count104
\cnt@footskip=\count105
\fheight=\count106
\ref@top=\count107
\ref@hoffset=\count108
\ref@voffset=\count109
\ref@head=\count110
\ref@body=\count111
\ref@foot=\count112
\ref@margin=\count113
\ref@marginwidth=\count114
\ref@marginpar=\count115
\Interval=\count116
\ExtraYPos=\count117
\PositionX=\count118
\PositionY=\count119
\ArrowLength=\count120
)
(/usr/local/texlive/2016/texmf-dist/tex/latex/url/url.sty
\Urlmuskip=\muskip10
Package: url 2013/09/16  ver 3.4  Verb mode for urls, etc.
) (./resume.sty
\@abstractbox=\box42
)
(/usr/local/texlive/2016/texmf-dist/tex/latex/graphics/graphicx.sty
Package: graphicx 2014/10/28 v1.0g Enhanced LaTeX Graphics (DPC,SPQR)

(/usr/local/texlive/2016/texmf-dist/tex/latex/graphics/keyval.sty
Package: keyval 2014/10/28 v1.15 key=value parser (DPC)
\KV@toks@=\toks15
)
(/usr/local/texlive/2016/texmf-dist/tex/latex/graphics/graphics.sty
Package: graphics 2016/06/02 v1.0s Standard LaTeX Graphics (DPC,SPQR)

(/usr/local/texlive/2016/texmf-dist/tex/latex/graphics/trig.sty
Package: trig 2016/01/03 v1.10 sin cos tan (DPC)
)
(/usr/local/texlive/2016/texmf-dist/tex/latex/graphics-cfg/graphics.cfg
File: graphics.cfg 2016/06/04 v1.11 sample graphics configuration
)
Package graphics Info: Driver file: dvipdfmx.def on input line 99.

(/usr/local/texlive/2016/texmf-dist/tex/latex/dvipdfmx-def/dvipdfmx.def
File: dvipdfmx.def 2016/04/06 v4.08 LaTeX color/graphics driver for dvipdfmx (T
eX Live/ChoF)

(/usr/local/texlive/2016/texmf-dist/tex/generic/oberdiek/infwarerr.sty
Package: infwarerr 2016/05/16 v1.4 Providing info/warning/error messages (HO)
)
(/usr/local/texlive/2016/texmf-dist/tex/generic/oberdiek/ltxcmds.sty
Package: ltxcmds 2016/05/16 v1.23 LaTeX kernel commands for general use (HO)
)))
\Gin@req@height=\dimen122
\Gin@req@width=\dimen123
)
(./resume.aux)
\openout1 = `resume.aux'.

LaTeX Font Info:    Checking defaults for OML/cmm/m/it on input line 7.
LaTeX Font Info:    ... okay on input line 7.
LaTeX Font Info:    Checking defaults for T1/cmr/m/n on input line 7.
LaTeX Font Info:    ... okay on input line 7.
LaTeX Font Info:    Checking defaults for OT1/cmr/m/n on input line 7.
LaTeX Font Info:    ... okay on input line 7.
LaTeX Font Info:    Checking defaults for OMS/cmsy/m/n on input line 7.
LaTeX Font Info:    ... okay on input line 7.
LaTeX Font Info:    Checking defaults for OMX/cmex/m/n on input line 7.
LaTeX Font Info:    ... okay on input line 7.
LaTeX Font Info:    Checking defaults for U/cmr/m/n on input line 7.
LaTeX Font Info:    ... okay on input line 7.
LaTeX Font Info:    Checking defaults for JY1/mc/m/n on input line 7.
LaTeX Font Info:    ... okay on input line 7.
LaTeX Font Info:    Checking defaults for JT1/mc/m/n on input line 7.
LaTeX Font Info:    ... okay on input line 7.
LaTeX Font Info:    Font shape `JT1/mc/bx/n' in size <10> not available
(Font)              Font shape `JT1/gt/m/n' tried instead on input line 25.
LaTeX Font Info:    Font shape `JT1/gt/m/n' will be
(Font)              scaled to size 9.60999pt on input line 25.
LaTeX Font Info:    Font shape `JY1/mc/bx/n' in size <10> not available
(Font)              Font shape `JY1/gt/m/n' tried instead on input line 25.
LaTeX Font Info:    Font shape `JY1/gt/m/n' will be
(Font)              scaled to size 9.60999pt on input line 25.
LaTeX Font Info:    Font shape `JT1/mc/m/n' will be
(Font)              scaled to size 13.83836pt on input line 30.
LaTeX Font Info:    Font shape `JY1/mc/m/n' will be
(Font)              scaled to size 13.83836pt on input line 30.
LaTeX Font Info:    Font shape `JT1/mc/bx/n' in size <14.4> not available
(Font)              Font shape `JT1/gt/m/n' tried instead on input line 30.
LaTeX Font Info:    Font shape `JT1/gt/m/n' will be
(Font)              scaled to size 13.83836pt on input line 30.
LaTeX Font Info:    Font shape `JY1/mc/bx/n' in size <14.4> not available
(Font)              Font shape `JY1/gt/m/n' tried instead on input line 30.
LaTeX Font Info:    Font shape `JY1/gt/m/n' will be
(Font)              scaled to size 13.83836pt on input line 30.
LaTeX Font Info:    Font shape `JT1/mc/m/n' will be
(Font)              scaled to size 11.53198pt on input line 30.
LaTeX Font Info:    Font shape `JY1/mc/m/n' will be
(Font)              scaled to size 11.53198pt on input line 30.
LaTeX Font Info:    External font `cmex10' loaded for size
(Font)              <12> on input line 30.
LaTeX Font Info:    External font `cmex10' loaded for size
(Font)              <8> on input line 30.
LaTeX Font Info:    External font `cmex10' loaded for size
(Font)              <6> on input line 30.
LaTeX Font Info:    Font shape `JY1/mc/m/n' will be
(Font)              scaled to size 5.76599pt on input line 30.
LaTeX Font Info:    External font `cmex10' loaded for size
(Font)              <5> on input line 30.
LaTeX Font Info:    Font shape `JY1/mc/m/n' will be
(Font)              scaled to size 4.805pt on input line 30.
File: figure1.png Graphic file (type bmp)
 <figure1.png>
LaTeX Font Info:    Font shape `JT1/mc/m/n' will be
(Font)              scaled to size 8.64899pt on input line 39.
LaTeX Font Info:    Font shape `JY1/mc/m/n' will be
(Font)              scaled to size 8.64899pt on input line 39.
LaTeX Font Info:    Try loading font information for OMS+cmr on input line 46.

(/usr/local/texlive/2016/texmf-dist/tex/latex/base/omscmr.fd
File: omscmr.fd 2014/09/29 v2.5h Standard LaTeX font definitions
)
LaTeX Font Info:    Font shape `OMS/cmr/m/n' in size <10> not available
(Font)              Font shape `OMS/cmsy/m/n' tried instead on input line 46.
LaTeX Font Info:    Font shape `JT1/gt/m/n' will be
(Font)              scaled to size 11.53198pt on input line 50.
LaTeX Font Info:    Font shape `JY1/gt/m/n' will be
(Font)              scaled to size 11.53198pt on input line 50.
 [1



]
Underfull \hbox (badness 10000) in paragraph at lines 65--65
[]\OT1/cmss/m/n/12 HTTP Strict Trans-port Se-cu-rity
 []


Underfull \hbox (badness 1708) in paragraph at lines 73--74
\JY1/mc/m/n/10 であり\OT1/cmr/m/n/10 ,IETF UTA Work-ing Group \JY1/mc/m/n/10 で
審議中
 []

LaTeX Font Info:    External font `cmex10' loaded for size
(Font)              <7> on input line 111.
LaTeX Font Info:    Font shape `JY1/mc/m/n' will be
(Font)              scaled to size 6.72699pt on input line 111.

Underfull \hbox (badness 10000) in paragraph at lines 110--112
[]$\OT1/cmtt/m/n/10 https : / / tools . ietf . org / html /
 []

[2] (./resume.aux) ) 
Here is how much of TeX's memory you used:
 1134 strings out of 493683
 14072 string characters out of 6149647
 76713 words of memory out of 5000000
 4727 multiletter control sequences out of 15000+600000
 14765 words of font info for 66 fonts, out of 8000000 for 9000
 934 hyphenation exceptions out of 8191
 27i,10n,21p,503b,334s stack positions out of 5000i,500n,10000p,200000b,80000s

Output written on resume.dvi (2 pages, 9328 bytes).
